0 silly input [ 'build' ]
1 silly flags { _: [ 'run' ],
1 silly flags   'reject-cycles': false,
1 silly flags   rejectCycles: false,
1 silly flags   ignore: 'main',
1 silly flags   script: 'build',
1 silly flags   args: [] }
2 verbose rootPath C:\TrashWS\aurelia-lerna-sample
3 info version 2.10.1
4 silly existsSync C:\TrashWS\aurelia-lerna-sample\VERSION
5 info ignore main
6 silly initialize attempt
7 silly initialize success
8 silly execute attempt
9 silly runScriptInDir build [] services
10 silly getExecOpts { cwd: 'C:\\TrashWS\\aurelia-lerna-sample\\modules\\services' }
11 silly runScriptInDir build [] mypluign
12 silly getExecOpts { cwd: 'C:\\TrashWS\\aurelia-lerna-sample\\modules\\mypluign' }
13 error build Errored while running script in 'myplugin'
14 error execute callback with error
15 error Error: Command failed: npm run build
15 error [14:12:59] 'i18n-compile' errored after 9.71 ms
15 error [14:12:59] Error in plugin 'gulp-i18n-compile2'
15 error Message:
15 error     Cannot read file i18n.json
15 error Details:
15 error     domainEmitter: [object Object]
15 error     domain: [object Object]
15 error     domainThrown: false
15 error [14:12:59] 'i18n-locale' errored after 19 ms
15 error [14:12:59] 'build' errored after 2.72 s
15 error
15 error npm ERR! Windows_NT 10.0.16299
15 error npm ERR! argv "C:\\Program Files\\nodejs\\node.exe" "C:\\Program Files\\nodejs\\node_modules\\npm\\bin\\npm-cli.js" "run" "build"
15 error npm ERR! node v6.11.2
15 error npm ERR! npm  v3.10.10
15 error npm ERR! code ELIFECYCLE
15 error npm ERR! myplugin@1.0.0 build: `gulp build`
15 error npm ERR! Exit status 1
15 error npm ERR!
15 error npm ERR! Failed at the myplugin@1.0.0 build script 'gulp build'.
15 error npm ERR! Make sure you have the latest version of node.js and npm installed.
15 error npm ERR! If you do, this is most likely a problem with the myplugin package,
15 error npm ERR! not with npm itself.
15 error npm ERR! Tell the author that this fails on your system:
15 error npm ERR!     gulp build
15 error npm ERR! You can get information on how to open an issue for this project with:
15 error npm ERR!     npm bugs myplugin
15 error npm ERR! Or if that isn't available, you can get their info via:
15 error npm ERR!     npm owner ls myplugin
15 error npm ERR! There is likely additional logging output above.
15 error
15 error npm ERR! Please include the following file with any support request:
15 error npm ERR!     C:\TrashWS\aurelia-lerna-sample\modules\mypluign\npm-debug.log
15 error
15 error > myplugin@1.0.0 build C:\TrashWS\aurelia-lerna-sample\modules\mypluign
15 error > gulp build
15 error
15 error [14:12:56] Using gulpfile C:\TrashWS\aurelia-lerna-sample\modules\mypluign\gulpfile.js
15 error [14:12:56] Starting 'build'...
15 error [14:12:56] Starting 'clean'...
15 error [14:12:56] Finished 'clean' after 29 ms
15 error [14:12:56] Starting 'tslint'...
15 error C:/TrashWS/aurelia-lerna-sample/modules/mypluign/src/index.ts[8m:7:5[28m
15 error [31mERROR: 7:5[39m  [90mno-console[39m  [33mCalls to 'console.log' are not allowed.[39m
15 error [31mERROR: 8:5[39m  [90mno-console[39m  [33mCalls to 'console.table' are not allowed.[39m
15 error
15 error [14:12:56] [[36mgulp-tslint[39m] Failed to lint: 2 errors.
15 error [14:12:56] Finished 'tslint' after 181 ms
15 error [14:12:56] Starting 'build-typescript'...
15 error [14:12:56] Starting 'build-html'...
15 error [14:12:56] Starting 'build-json'...
15 error [14:12:56] Finished 'build-html' after 29 ms
15 error [14:12:56] Finished 'build-json' after 29 ms
15 error [14:12:56] Typescript index created
15 error [14:12:59] Finished 'build-typescript' after 2.48 s
15 error [14:12:59] Starting 'i18n-locale'...
15 error [14:12:59] Starting 'i18n-extract'...
15 error [14:12:59] Finished 'i18n-extract' after 8.21 ms
15 error [14:12:59] Starting 'i18n-compile'...
15 error
15 error     at Promise.all.then.arr (C:\TrashWS\aurelia-lerna-sample\node_modules\execa\index.js:236:11)
